<?xml version="1.0" encoding="UTF-8"?>
<testsuites>
  <testsuite name="CLI Arguments" tests="18" assertions="39" errors="0" failures="0" skipped="0" time="0.044002">
    <testsuite name="App\Tests\BlackJackGameTest" file="/home/filippa/dbwebb-kurser/mvc/me/report/tests/BlackJackGameTest.php" tests="16" assertions="27" errors="0" failures="0" skipped="0" time="0.039024">
      <testcase name="testGameCreation" file="/home/filippa/dbwebb-kurser/mvc/me/report/tests/BlackJackGameTest.php" line="17" class="App\Tests\BlackJackGameTest" classname="App.Tests.BlackJackGameTest" assertions="2" time="0.024357"/>
      <testcase name="testStartRoundWith1Hand" file="/home/filippa/dbwebb-kurser/mvc/me/report/tests/BlackJackGameTest.php" line="29" class="App\Tests\BlackJackGameTest" classname="App.Tests.BlackJackGameTest" assertions="4" time="0.001619"/>
      <testcase name="testStartRoundWith3Hands" file="/home/filippa/dbwebb-kurser/mvc/me/report/tests/BlackJackGameTest.php" line="45" class="App\Tests\BlackJackGameTest" classname="App.Tests.BlackJackGameTest" assertions="3" time="0.000435"/>
      <testcase name="testStartRoundInsufficientFunds" file="/home/filippa/dbwebb-kurser/mvc/me/report/tests/BlackJackGameTest.php" line="60" class="App\Tests\BlackJackGameTest" classname="App.Tests.BlackJackGameTest" assertions="1" time="0.001148"/>
      <testcase name="testStartRoundInvalidHandsZero" file="/home/filippa/dbwebb-kurser/mvc/me/report/tests/BlackJackGameTest.php" line="73" class="App\Tests\BlackJackGameTest" classname="App.Tests.BlackJackGameTest" assertions="1" time="0.000386"/>
      <testcase name="testStartRoundInvalidHandsFour" file="/home/filippa/dbwebb-kurser/mvc/me/report/tests/BlackJackGameTest.php" line="86" class="App\Tests\BlackJackGameTest" classname="App.Tests.BlackJackGameTest" assertions="1" time="0.000314"/>
      <testcase name="testInitialCardsDealt" file="/home/filippa/dbwebb-kurser/mvc/me/report/tests/BlackJackGameTest.php" line="99" class="App\Tests\BlackJackGameTest" classname="App.Tests.BlackJackGameTest" assertions="2" time="0.000296"/>
      <testcase name="testHitAddsCard" file="/home/filippa/dbwebb-kurser/mvc/me/report/tests/BlackJackGameTest.php" line="114" class="App\Tests\BlackJackGameTest" classname="App.Tests.BlackJackGameTest" assertions="1" time="0.000358"/>
      <testcase name="testBustAdvancesToNextHand" file="/home/filippa/dbwebb-kurser/mvc/me/report/tests/BlackJackGameTest.php" line="131" class="App\Tests\BlackJackGameTest" classname="App.Tests.BlackJackGameTest" assertions="3" time="0.003882"/>
      <testcase name="testStandMovesToNextHand" file="/home/filippa/dbwebb-kurser/mvc/me/report/tests/BlackJackGameTest.php" line="153" class="App\Tests\BlackJackGameTest" classname="App.Tests.BlackJackGameTest" assertions="2" time="0.000585"/>
      <testcase name="testStandOnLastHandTriggersDealer" file="/home/filippa/dbwebb-kurser/mvc/me/report/tests/BlackJackGameTest.php" line="169" class="App\Tests\BlackJackGameTest" classname="App.Tests.BlackJackGameTest" assertions="1" time="0.000288"/>
      <testcase name="testPlayerWinsWhenDealerBusts" file="/home/filippa/dbwebb-kurser/mvc/me/report/tests/BlackJackGameTest.php" line="183" class="App\Tests\BlackJackGameTest" classname="App.Tests.BlackJackGameTest" assertions="2" time="0.002886"/>
      <testcase name="testSplitWithMatchingCards" file="/home/filippa/dbwebb-kurser/mvc/me/report/tests/BlackJackGameTest.php" line="202" class="App\Tests\BlackJackGameTest" classname="App.Tests.BlackJackGameTest" assertions="1" time="0.000304"/>
      <testcase name="testCannotSplitInsufficientFunds" file="/home/filippa/dbwebb-kurser/mvc/me/report/tests/BlackJackGameTest.php" line="223" class="App\Tests\BlackJackGameTest" classname="App.Tests.BlackJackGameTest" assertions="1" time="0.000254"/>
      <testcase name="testGetHandResultForBust" file="/home/filippa/dbwebb-kurser/mvc/me/report/tests/BlackJackGameTest.php" line="243" class="App\Tests\BlackJackGameTest" classname="App.Tests.BlackJackGameTest" assertions="1" time="0.001615"/>
      <testcase name="testGetHandResultBeforeFinished" file="/home/filippa/dbwebb-kurser/mvc/me/report/tests/BlackJackGameTest.php" line="264" class="App\Tests\BlackJackGameTest" classname="App.Tests.BlackJackGameTest" assertions="1" time="0.000297"/>
    </testsuite>
    <testsuite name="App\Tests\ProjectControllerTest" file="/home/filippa/dbwebb-kurser/mvc/me/report/tests/ProjectControllerTest.php" tests="2" assertions="12" errors="0" failures="0" skipped="0" time="0.004978">
      <testcase name="testProjectControllerClassExists" file="/home/filippa/dbwebb-kurser/mvc/me/report/tests/ProjectControllerTest.php" line="18" class="App\Tests\ProjectControllerTest" classname="App.Tests.ProjectControllerTest" assertions="1" time="0.004705"/>
      <testcase name="testRequiredMethodsExist" file="/home/filippa/dbwebb-kurser/mvc/me/report/tests/ProjectControllerTest.php" line="26" class="App\Tests\ProjectControllerTest" classname="App.Tests.ProjectControllerTest" assertions="11" time="0.000272"/>
    </testsuite>
  </testsuite>
</testsuites>
