<?xml version="1.0" encoding="UTF-8"?>
<testsuites>
  <testsuite name="/home/filippa/dbwebb-kurser/mvc/me/report/phpunit.dist.xml" tests="81" assertions="181" errors="0" failures="0" skipped="0" time="0.231794">
    <testsuite name="Project Test Suite" tests="81" assertions="181" errors="0" failures="0" skipped="0" time="0.231794">
      <testsuite name="App\Tests\BankTest" file="/home/filippa/dbwebb-kurser/mvc/me/report/tests/BankTest.php" tests="13" assertions="15" errors="0" failures="0" skipped="0" time="0.041414">
        <testcase name="testBankConstructor" file="/home/filippa/dbwebb-kurser/mvc/me/report/tests/BankTest.php" line="17" class="App\Tests\BankTest" classname="App.Tests.BankTest" assertions="1" time="0.013525"/>
        <testcase name="testBankStartsWithEmptyHand" file="/home/filippa/dbwebb-kurser/mvc/me/report/tests/BankTest.php" line="22" class="App\Tests\BankTest" classname="App.Tests.BankTest" assertions="1" time="0.002505"/>
        <testcase name="testAddCard" file="/home/filippa/dbwebb-kurser/mvc/me/report/tests/BankTest.php" line="28" class="App\Tests\BankTest" classname="App.Tests.BankTest" assertions="2" time="0.003024"/>
        <testcase name="testAddMultipleCards" file="/home/filippa/dbwebb-kurser/mvc/me/report/tests/BankTest.php" line="37" class="App\Tests\BankTest" classname="App.Tests.BankTest" assertions="1" time="0.002024"/>
        <testcase name="testGetHandValue" file="/home/filippa/dbwebb-kurser/mvc/me/report/tests/BankTest.php" line="51" class="App\Tests\BankTest" classname="App.Tests.BankTest" assertions="1" time="0.002013"/>
        <testcase name="testGetHandValueWithFaceCards" file="/home/filippa/dbwebb-kurser/mvc/me/report/tests/BankTest.php" line="62" class="App\Tests\BankTest" classname="App.Tests.BankTest" assertions="1" time="0.001986"/>
        <testcase name="testGetHandValueWithAce" file="/home/filippa/dbwebb-kurser/mvc/me/report/tests/BankTest.php" line="75" class="App\Tests\BankTest" classname="App.Tests.BankTest" assertions="1" time="0.003011"/>
        <testcase name="testGetHandValueWithMultipleAces" file="/home/filippa/dbwebb-kurser/mvc/me/report/tests/BankTest.php" line="86" class="App\Tests\BankTest" classname="App.Tests.BankTest" assertions="1" time="0.001985"/>
        <testcase name="testGetHandValueWithAceAdjustment" file="/home/filippa/dbwebb-kurser/mvc/me/report/tests/BankTest.php" line="97" class="App\Tests\BankTest" classname="App.Tests.BankTest" assertions="1" time="0.002400"/>
        <testcase name="testGetHandValueBlackjack" file="/home/filippa/dbwebb-kurser/mvc/me/report/tests/BankTest.php" line="110" class="App\Tests\BankTest" classname="App.Tests.BankTest" assertions="1" time="0.002126"/>
        <testcase name="testResetHand" file="/home/filippa/dbwebb-kurser/mvc/me/report/tests/BankTest.php" line="121" class="App\Tests\BankTest" classname="App.Tests.BankTest" assertions="2" time="0.002114"/>
        <testcase name="testGetHandValueWithNumericCards" file="/home/filippa/dbwebb-kurser/mvc/me/report/tests/BankTest.php" line="136" class="App\Tests\BankTest" classname="App.Tests.BankTest" assertions="1" time="0.002101"/>
        <testcase name="testGetHandValueBust" file="/home/filippa/dbwebb-kurser/mvc/me/report/tests/BankTest.php" line="149" class="App\Tests\BankTest" classname="App.Tests.BankTest" assertions="1" time="0.002601"/>
      </testsuite>
      <testsuite name="App\Tests\CardGraphicTest" file="/home/filippa/dbwebb-kurser/mvc/me/report/tests/CardGraphicTest.php" tests="7" assertions="17" errors="0" failures="0" skipped="0" time="0.014126">
        <testcase name="testCardGraphicInheritsFromCard" file="/home/filippa/dbwebb-kurser/mvc/me/report/tests/CardGraphicTest.php" line="9" class="App\Tests\CardGraphicTest" classname="App.Tests.CardGraphicTest" assertions="2" time="0.002251"/>
        <testcase name="testToHTMLForHearts" file="/home/filippa/dbwebb-kurser/mvc/me/report/tests/CardGraphicTest.php" line="16" class="App\Tests\CardGraphicTest" classname="App.Tests.CardGraphicTest" assertions="3" time="0.002811"/>
        <testcase name="testToHTMLForDiamonds" file="/home/filippa/dbwebb-kurser/mvc/me/report/tests/CardGraphicTest.php" line="25" class="App\Tests\CardGraphicTest" classname="App.Tests.CardGraphicTest" assertions="2" time="0.001532"/>
        <testcase name="testToHTMLForClubs" file="/home/filippa/dbwebb-kurser/mvc/me/report/tests/CardGraphicTest.php" line="33" class="App\Tests\CardGraphicTest" classname="App.Tests.CardGraphicTest" assertions="2" time="0.001780"/>
        <testcase name="testToHTMLForSpades" file="/home/filippa/dbwebb-kurser/mvc/me/report/tests/CardGraphicTest.php" line="41" class="App\Tests\CardGraphicTest" classname="App.Tests.CardGraphicTest" assertions="2" time="0.002103"/>
        <testcase name="testToHTMLContainsSpanTag" file="/home/filippa/dbwebb-kurser/mvc/me/report/tests/CardGraphicTest.php" line="49" class="App\Tests\CardGraphicTest" classname="App.Tests.CardGraphicTest" assertions="2" time="0.001736"/>
        <testcase name="testAllSuitsColorMapping" file="/home/filippa/dbwebb-kurser/mvc/me/report/tests/CardGraphicTest.php" line="57" class="App\Tests\CardGraphicTest" classname="App.Tests.CardGraphicTest" assertions="4" time="0.001914"/>
      </testsuite>
      <testsuite name="App\Tests\CardTest" file="/home/filippa/dbwebb-kurser/mvc/me/report/tests/CardTest.php" tests="10" assertions="25" errors="0" failures="0" skipped="0" time="0.024624">
        <testcase name="testCardConstructor" file="/home/filippa/dbwebb-kurser/mvc/me/report/tests/CardTest.php" line="16" class="App\Tests\CardTest" classname="App.Tests.CardTest" assertions="1" time="0.002627"/>
        <testcase name="testGetSymbol" file="/home/filippa/dbwebb-kurser/mvc/me/report/tests/CardTest.php" line="21" class="App\Tests\CardTest" classname="App.Tests.CardTest" assertions="1" time="0.001777"/>
        <testcase name="testGetSuit" file="/home/filippa/dbwebb-kurser/mvc/me/report/tests/CardTest.php" line="26" class="App\Tests\CardTest" classname="App.Tests.CardTest" assertions="1" time="0.001684"/>
        <testcase name="testCardWithDifferentSymbols" file="/home/filippa/dbwebb-kurser/mvc/me/report/tests/CardTest.php" line="31" class="App\Tests\CardTest" classname="App.Tests.CardTest" assertions="4" time="0.002210"/>
        <testcase name="testGetCharacterForHearts" file="/home/filippa/dbwebb-kurser/mvc/me/report/tests/CardTest.php" line="42" class="App\Tests\CardTest" classname="App.Tests.CardTest" assertions="2" time="0.002843"/>
        <testcase name="testGetCharacterForDiamonds" file="/home/filippa/dbwebb-kurser/mvc/me/report/tests/CardTest.php" line="50" class="App\Tests\CardTest" classname="App.Tests.CardTest" assertions="1" time="0.002934"/>
        <testcase name="testGetCharacterForClubs" file="/home/filippa/dbwebb-kurser/mvc/me/report/tests/CardTest.php" line="56" class="App\Tests\CardTest" classname="App.Tests.CardTest" assertions="1" time="0.002884"/>
        <testcase name="testGetCharacterForSpades" file="/home/filippa/dbwebb-kurser/mvc/me/report/tests/CardTest.php" line="62" class="App\Tests\CardTest" classname="App.Tests.CardTest" assertions="1" time="0.002428"/>
        <testcase name="testAllNumberSymbols" file="/home/filippa/dbwebb-kurser/mvc/me/report/tests/CardTest.php" line="68" class="App\Tests\CardTest" classname="App.Tests.CardTest" assertions="9" time="0.003267"/>
        <testcase name="testAllSuits" file="/home/filippa/dbwebb-kurser/mvc/me/report/tests/CardTest.php" line="77" class="App\Tests\CardTest" classname="App.Tests.CardTest" assertions="4" time="0.001972"/>
      </testsuite>
      <testsuite name="App\Tests\DeckOfCardsTest" file="/home/filippa/dbwebb-kurser/mvc/me/report/tests/DeckOfCardsTest.php" tests="16" assertions="79" errors="0" failures="0" skipped="0" time="0.044504">
        <testcase name="testDeckConstructor" file="/home/filippa/dbwebb-kurser/mvc/me/report/tests/DeckOfCardsTest.php" line="17" class="App\Tests\DeckOfCardsTest" classname="App.Tests.DeckOfCardsTest" assertions="1" time="0.003220"/>
        <testcase name="testInitialDeckHas52Cards" file="/home/filippa/dbwebb-kurser/mvc/me/report/tests/DeckOfCardsTest.php" line="22" class="App\Tests\DeckOfCardsTest" classname="App.Tests.DeckOfCardsTest" assertions="1" time="0.002172"/>
        <testcase name="testDeckHasCorrectNumberOfSuits" file="/home/filippa/dbwebb-kurser/mvc/me/report/tests/DeckOfCardsTest.php" line="27" class="App\Tests\DeckOfCardsTest" classname="App.Tests.DeckOfCardsTest" assertions="1" time="0.003239"/>
        <testcase name="testDeckHasCorrectNumberOfSymbols" file="/home/filippa/dbwebb-kurser/mvc/me/report/tests/DeckOfCardsTest.php" line="32" class="App\Tests\DeckOfCardsTest" classname="App.Tests.DeckOfCardsTest" assertions="1" time="0.002442"/>
        <testcase name="testDrawCardReducesDeckSize" file="/home/filippa/dbwebb-kurser/mvc/me/report/tests/DeckOfCardsTest.php" line="37" class="App\Tests\DeckOfCardsTest" classname="App.Tests.DeckOfCardsTest" assertions="2" time="0.002853"/>
        <testcase name="testDrawCardAddsToDrawnCards" file="/home/filippa/dbwebb-kurser/mvc/me/report/tests/DeckOfCardsTest.php" line="45" class="App\Tests\DeckOfCardsTest" classname="App.Tests.DeckOfCardsTest" assertions="1" time="0.002273"/>
        <testcase name="testDrawMultipleCards" file="/home/filippa/dbwebb-kurser/mvc/me/report/tests/DeckOfCardsTest.php" line="52" class="App\Tests\DeckOfCardsTest" classname="App.Tests.DeckOfCardsTest" assertions="2" time="0.002607"/>
        <testcase name="testDrawCardsReturnsCardInstances" file="/home/filippa/dbwebb-kurser/mvc/me/report/tests/DeckOfCardsTest.php" line="59" class="App\Tests\DeckOfCardsTest" classname="App.Tests.DeckOfCardsTest" assertions="3" time="0.003334"/>
        <testcase name="testShuffleDeck" file="/home/filippa/dbwebb-kurser/mvc/me/report/tests/DeckOfCardsTest.php" line="67" class="App\Tests\DeckOfCardsTest" classname="App.Tests.DeckOfCardsTest" assertions="1" time="0.002823"/>
        <testcase name="testDrawCardsAddsToDrawnCards" file="/home/filippa/dbwebb-kurser/mvc/me/report/tests/DeckOfCardsTest.php" line="76" class="App\Tests\DeckOfCardsTest" classname="App.Tests.DeckOfCardsTest" assertions="1" time="0.002371"/>
        <testcase name="testDrawCardWhenDeckEmpty" file="/home/filippa/dbwebb-kurser/mvc/me/report/tests/DeckOfCardsTest.php" line="83" class="App\Tests\DeckOfCardsTest" classname="App.Tests.DeckOfCardsTest" assertions="1" time="0.002954"/>
        <testcase name="testGetAllCardsHTML" file="/home/filippa/dbwebb-kurser/mvc/me/report/tests/DeckOfCardsTest.php" line="92" class="App\Tests\DeckOfCardsTest" classname="App.Tests.DeckOfCardsTest" assertions="53" time="0.003567"/>
        <testcase name="testGetDrawnCardsHTML" file="/home/filippa/dbwebb-kurser/mvc/me/report/tests/DeckOfCardsTest.php" line="101" class="App\Tests\DeckOfCardsTest" classname="App.Tests.DeckOfCardsTest" assertions="2" time="0.003197"/>
        <testcase name="testGetDrawnCardsHTMLWhenNoneDrawn" file="/home/filippa/dbwebb-kurser/mvc/me/report/tests/DeckOfCardsTest.php" line="110" class="App\Tests\DeckOfCardsTest" classname="App.Tests.DeckOfCardsTest" assertions="1" time="0.002194"/>
        <testcase name="testDrawCardsWithMoreThanAvailable" file="/home/filippa/dbwebb-kurser/mvc/me/report/tests/DeckOfCardsTest.php" line="116" class="App\Tests\DeckOfCardsTest" classname="App.Tests.DeckOfCardsTest" assertions="1" time="0.002624"/>
        <testcase name="testSymbolsAndSuitsAreCorrect" file="/home/filippa/dbwebb-kurser/mvc/me/report/tests/DeckOfCardsTest.php" line="122" class="App\Tests\DeckOfCardsTest" classname="App.Tests.DeckOfCardsTest" assertions="7" time="0.002632"/>
      </testsuite>
      <testsuite name="App\Tests\Game21Test" file="/home/filippa/dbwebb-kurser/mvc/me/report/tests/Game21Test.php" tests="10" assertions="15" errors="0" failures="0" skipped="0" time="0.030956">
        <testcase name="testGame21Constructor" file="/home/filippa/dbwebb-kurser/mvc/me/report/tests/Game21Test.php" line="17" class="App\Tests\Game21Test" classname="App.Tests.Game21Test" assertions="1" time="0.003733"/>
        <testcase name="testGetDeck" file="/home/filippa/dbwebb-kurser/mvc/me/report/tests/Game21Test.php" line="22" class="App\Tests\Game21Test" classname="App.Tests.Game21Test" assertions="1" time="0.002168"/>
        <testcase name="testGameStart" file="/home/filippa/dbwebb-kurser/mvc/me/report/tests/Game21Test.php" line="28" class="App\Tests\Game21Test" classname="App.Tests.Game21Test" assertions="1" time="0.002108"/>
        <testcase name="testGameStartResetsHands" file="/home/filippa/dbwebb-kurser/mvc/me/report/tests/Game21Test.php" line="35" class="App\Tests\Game21Test" classname="App.Tests.Game21Test" assertions="2" time="0.003331"/>
        <testcase name="testPlayerHit" file="/home/filippa/dbwebb-kurser/mvc/me/report/tests/Game21Test.php" line="48" class="App\Tests\Game21Test" classname="App.Tests.Game21Test" assertions="2" time="0.004887"/>
        <testcase name="testBankPlay" file="/home/filippa/dbwebb-kurser/mvc/me/report/tests/Game21Test.php" line="59" class="App\Tests\Game21Test" classname="App.Tests.Game21Test" assertions="2" time="0.002518"/>
        <testcase name="testBankPlayStopsAt21OrHigher" file="/home/filippa/dbwebb-kurser/mvc/me/report/tests/Game21Test.php" line="70" class="App\Tests\Game21Test" classname="App.Tests.Game21Test" assertions="1" time="0.002799"/>
        <testcase name="testGameInitialization" file="/home/filippa/dbwebb-kurser/mvc/me/report/tests/Game21Test.php" line="90" class="App\Tests\Game21Test" classname="App.Tests.Game21Test" assertions="3" time="0.003316"/>
        <testcase name="testMultipleGameRounds" file="/home/filippa/dbwebb-kurser/mvc/me/report/tests/Game21Test.php" line="103" class="App\Tests\Game21Test" classname="App.Tests.Game21Test" assertions="1" time="0.003551"/>
        <testcase name="testDeckShuffledOnGameStart" file="/home/filippa/dbwebb-kurser/mvc/me/report/tests/Game21Test.php" line="117" class="App\Tests\Game21Test" classname="App.Tests.Game21Test" assertions="1" time="0.002545"/>
      </testsuite>
      <testsuite name="App\Tests\LibraryControllerTest" file="/home/filippa/dbwebb-kurser/mvc/me/report/tests/LibraryControllerTest.php" tests="12" assertions="15" errors="0" failures="0" skipped="0" time="0.036999">
        <testcase name="testValidateInputWithValidData" file="/home/filippa/dbwebb-kurser/mvc/me/report/tests/LibraryControllerTest.php" line="26" class="App\Tests\LibraryControllerTest" classname="App.Tests.LibraryControllerTest" assertions="1" time="0.006207"/>
        <testcase name="testValidateInputWithMissingTitle" file="/home/filippa/dbwebb-kurser/mvc/me/report/tests/LibraryControllerTest.php" line="33" class="App\Tests\LibraryControllerTest" classname="App.Tests.LibraryControllerTest" assertions="2" time="0.003823"/>
        <testcase name="testValidateInputWithMissingIsbn" file="/home/filippa/dbwebb-kurser/mvc/me/report/tests/LibraryControllerTest.php" line="41" class="App\Tests\LibraryControllerTest" classname="App.Tests.LibraryControllerTest" assertions="2" time="0.002281"/>
        <testcase name="testValidateInputWithMissingAuthor" file="/home/filippa/dbwebb-kurser/mvc/me/report/tests/LibraryControllerTest.php" line="49" class="App\Tests\LibraryControllerTest" classname="App.Tests.LibraryControllerTest" assertions="2" time="0.002514"/>
        <testcase name="testValidateInputWithMultipleErrors" file="/home/filippa/dbwebb-kurser/mvc/me/report/tests/LibraryControllerTest.php" line="57" class="App\Tests\LibraryControllerTest" classname="App.Tests.LibraryControllerTest" assertions="1" time="0.003847"/>
        <testcase name="testNormalizeImageWithEmptyString" file="/home/filippa/dbwebb-kurser/mvc/me/report/tests/LibraryControllerTest.php" line="64" class="App\Tests\LibraryControllerTest" classname="App.Tests.LibraryControllerTest" assertions="1" time="0.003154"/>
        <testcase name="testNormalizeImageWithLeadingSlash" file="/home/filippa/dbwebb-kurser/mvc/me/report/tests/LibraryControllerTest.php" line="71" class="App\Tests\LibraryControllerTest" classname="App.Tests.LibraryControllerTest" assertions="1" time="0.001926"/>
        <testcase name="testNormalizeImageWithoutLeadingSlash" file="/home/filippa/dbwebb-kurser/mvc/me/report/tests/LibraryControllerTest.php" line="78" class="App\Tests\LibraryControllerTest" classname="App.Tests.LibraryControllerTest" assertions="1" time="0.002550"/>
        <testcase name="testNormalizeImageWithWhitespace" file="/home/filippa/dbwebb-kurser/mvc/me/report/tests/LibraryControllerTest.php" line="85" class="App\Tests\LibraryControllerTest" classname="App.Tests.LibraryControllerTest" assertions="1" time="0.004016"/>
        <testcase name="testFindBookIndexByIsbnFound" file="/home/filippa/dbwebb-kurser/mvc/me/report/tests/LibraryControllerTest.php" line="92" class="App\Tests\LibraryControllerTest" classname="App.Tests.LibraryControllerTest" assertions="1" time="0.002050"/>
        <testcase name="testFindBookIndexByIsbnNotFound" file="/home/filippa/dbwebb-kurser/mvc/me/report/tests/LibraryControllerTest.php" line="104" class="App\Tests\LibraryControllerTest" classname="App.Tests.LibraryControllerTest" assertions="1" time="0.002600"/>
        <testcase name="testFindBookIndexByIsbnEmptyArray" file="/home/filippa/dbwebb-kurser/mvc/me/report/tests/LibraryControllerTest.php" line="114" class="App\Tests\LibraryControllerTest" classname="App.Tests.LibraryControllerTest" assertions="1" time="0.002033"/>
      </testsuite>
      <testsuite name="App\Tests\PlayerTest" file="/home/filippa/dbwebb-kurser/mvc/me/report/tests/PlayerTest.php" tests="13" assertions="15" errors="0" failures="0" skipped="0" time="0.039171">
        <testcase name="testPlayerConstructor" file="/home/filippa/dbwebb-kurser/mvc/me/report/tests/PlayerTest.php" line="17" class="App\Tests\PlayerTest" classname="App.Tests.PlayerTest" assertions="1" time="0.002628"/>
        <testcase name="testPlayerStartsWithEmptyHand" file="/home/filippa/dbwebb-kurser/mvc/me/report/tests/PlayerTest.php" line="22" class="App\Tests\PlayerTest" classname="App.Tests.PlayerTest" assertions="1" time="0.002263"/>
        <testcase name="testAddCard" file="/home/filippa/dbwebb-kurser/mvc/me/report/tests/PlayerTest.php" line="28" class="App\Tests\PlayerTest" classname="App.Tests.PlayerTest" assertions="2" time="0.003456"/>
        <testcase name="testAddMultipleCards" file="/home/filippa/dbwebb-kurser/mvc/me/report/tests/PlayerTest.php" line="37" class="App\Tests\PlayerTest" classname="App.Tests.PlayerTest" assertions="1" time="0.002364"/>
        <testcase name="testGetHandValue" file="/home/filippa/dbwebb-kurser/mvc/me/report/tests/PlayerTest.php" line="51" class="App\Tests\PlayerTest" classname="App.Tests.PlayerTest" assertions="1" time="0.003373"/>
        <testcase name="testGetHandValueWithFaceCards" file="/home/filippa/dbwebb-kurser/mvc/me/report/tests/PlayerTest.php" line="62" class="App\Tests\PlayerTest" classname="App.Tests.PlayerTest" assertions="1" time="0.002635"/>
        <testcase name="testGetHandValueWithAce" file="/home/filippa/dbwebb-kurser/mvc/me/report/tests/PlayerTest.php" line="75" class="App\Tests\PlayerTest" classname="App.Tests.PlayerTest" assertions="1" time="0.003419"/>
        <testcase name="testGetHandValueWithMultipleAces" file="/home/filippa/dbwebb-kurser/mvc/me/report/tests/PlayerTest.php" line="86" class="App\Tests\PlayerTest" classname="App.Tests.PlayerTest" assertions="1" time="0.004060"/>
        <testcase name="testGetHandValueWithAceAdjustment" file="/home/filippa/dbwebb-kurser/mvc/me/report/tests/PlayerTest.php" line="97" class="App\Tests\PlayerTest" classname="App.Tests.PlayerTest" assertions="1" time="0.002760"/>
        <testcase name="testGetHandValueBlackjack" file="/home/filippa/dbwebb-kurser/mvc/me/report/tests/PlayerTest.php" line="110" class="App\Tests\PlayerTest" classname="App.Tests.PlayerTest" assertions="1" time="0.004342"/>
        <testcase name="testResetHand" file="/home/filippa/dbwebb-kurser/mvc/me/report/tests/PlayerTest.php" line="121" class="App\Tests\PlayerTest" classname="App.Tests.PlayerTest" assertions="2" time="0.002519"/>
        <testcase name="testGetHandValueWithNumericCards" file="/home/filippa/dbwebb-kurser/mvc/me/report/tests/PlayerTest.php" line="136" class="App\Tests\PlayerTest" classname="App.Tests.PlayerTest" assertions="1" time="0.002299"/>
        <testcase name="testGetHandValueBust" file="/home/filippa/dbwebb-kurser/mvc/me/report/tests/PlayerTest.php" line="149" class="App\Tests\PlayerTest" classname="App.Tests.PlayerTest" assertions="1" time="0.003053"/>
      </testsuite>
    </testsuite>
  </testsuite>
</testsuites>
